<?xml version="1.0" encoding="UTF-8"?>
<testng-results ignored="0" total="1" passed="1" failed="0" skipped="0">
  <reporter-output>
  </reporter-output>
  <suite started-at="2023-08-06T08:18:29 CDT" name="Default suite" finished-at="2023-08-06T08:18:43 CDT" duration-ms="13189">
    <groups>
    </groups>
    <test started-at="2023-08-06T08:18:29 CDT" name="Default test" finished-at="2023-08-06T08:18:43 CDT" duration-ms="13189">
      <class name="testngPackage.Test2">
        <test-method signature="testing()[pri:0, instance:testngPackage.Test2@4f80542f]" started-at="2023-08-06T08:18:30 CDT" name="testing" finished-at="2023-08-06T08:18:43 CDT" duration-ms="13057" status="PASS">
          <reporter-output>
          </reporter-output>
        </test-method> <!-- testing -->
      </class> <!-- testngPackage.Test2 -->
    </test> <!-- Default test -->
  </suite> <!-- Default suite -->
</testng-results>
