<?xml version="1.0" encoding="UTF-8"?>
<!-- Generated by org.testng.reporters.JUnitXMLReporter -->
<testsuite ignored="0" hostname="LAPTOP-FKKILF9K" failures="1" tests="2" name="Test" time="30.445" errors="0" timestamp="2023-12-21T12:44:37 CST">
  <testcase classname="com.itlearn.testcases.LoginDataProviderTest" name="VerifyLogin" time="11.445"/>
  <testcase classname="com.itlearn.testcases.LoginDataProviderTest" name="VerifyLogin" time="5.955">
    <failure type="java.lang.AssertionError" message="expected [true] but found [false]">
      <![CDATA[java.lang.AssertionError: expected [true] but found [false]
at com.itlearn.testcases.LoginDataProviderTest.VerifyLogin(LoginDataProviderTest.java:38)
at java.base/java.util.ArrayList.forEach(ArrayList.java:1511)
... Removed 31 stack frames]]>
    </failure>
  </testcase> <!-- VerifyLogin -->
</testsuite> <!-- Test -->
